[2025-05-30 01:20:13.904] [main] [] [] [INFO] c.c.u.UserServiceApplication - Starting UserServiceApplication using Java 18.0.2 on MSI with PID 24056 (D:\Demo_KTTKPM\user-service\target\classes started by qhoa2 in D:\Demo_KTTKPM)
[2025-05-30 01:20:13.908] [main] [] [] [DEBUG] c.c.u.UserServiceApplication - Running with Spring Boot v2.7.9, Spring v5.3.25
[2025-05-30 01:20:13.909] [main] [] [] [INFO] c.c.u.UserServiceApplication - No active profile set, falling back to 1 default profile: "default"
[2025-05-30 01:20:15.309] [main] [] [] [INFO] o.s.b.w.e.tomcat.TomcatWebServer - Tomcat initialized with port(s): 8081 (http)
[2025-05-30 01:20:15.320] [main] [] [] [INFO] o.a.catalina.core.StandardService - Starting service [Tomcat]
[2025-05-30 01:20:15.321] [main] [] [] [INFO] o.a.catalina.core.StandardEngine - Starting Servlet engine: [Apache Tomcat/9.0.71]
[2025-05-30 01:20:15.413] [main] [] [] [INFO] o.a.c.c.C.[Tomcat].[localhost].[/] - Initializing Spring embedded WebApplicationContext
[2025-05-30 01:20:15.413] [main] [] [] [INFO] o.s.b.w.s.c.ServletWebServerApplicationContext - Root WebApplicationContext: initialization completed in 1440 ms
[2025-05-30 01:20:17.186] [main] [] [] [INFO] o.s.b.a.e.web.EndpointLinksResolver - Exposing 1 endpoint(s) beneath base path '/actuator'
[2025-05-30 01:20:17.225] [main] [] [] [INFO] o.s.b.w.e.tomcat.TomcatWebServer - Tomcat started on port(s): 8081 (http) with context path ''
[2025-05-30 01:20:17.231] [main] [] [] [INFO] c.c.u.UserServiceApplication - Started UserServiceApplication in 3.826 seconds (JVM running for 4.514)
[2025-05-30 01:20:17.814] [RMI TCP Connection(3)-192.168.1.102] [] [] [INFO] o.a.c.c.C.[Tomcat].[localhost].[/] - Initializing Spring DispatcherServlet 'dispatcherServlet'
[2025-05-30 01:20:17.816] [RMI TCP Connection(3)-192.168.1.102] [] [] [INFO] o.s.web.servlet.DispatcherServlet - Initializing Servlet 'dispatcherServlet'
[2025-05-30 01:20:17.816] [RMI TCP Connection(3)-192.168.1.102] [] [] [DEBUG] o.s.web.servlet.DispatcherServlet - Detected StandardServletMultipartResolver
[2025-05-30 01:20:17.816] [RMI TCP Connection(3)-192.168.1.102] [] [] [DEBUG] o.s.web.servlet.DispatcherServlet - Detected AcceptHeaderLocaleResolver
[2025-05-30 01:20:17.816] [RMI TCP Connection(3)-192.168.1.102] [] [] [DEBUG] o.s.web.servlet.DispatcherServlet - Detected FixedThemeResolver
[2025-05-30 01:20:17.818] [RMI TCP Connection(3)-192.168.1.102] [] [] [DEBUG] o.s.web.servlet.DispatcherServlet - Detected org.springframework.web.servlet.view.DefaultRequestToViewNameTranslator@42d8cc06
[2025-05-30 01:20:17.818] [RMI TCP Connection(3)-192.168.1.102] [] [] [DEBUG] o.s.web.servlet.DispatcherServlet - Detected org.springframework.web.servlet.support.SessionFlashMapManager@35b85498
[2025-05-30 01:20:17.818] [RMI TCP Connection(3)-192.168.1.102] [] [] [DEBUG] o.s.web.servlet.DispatcherServlet - enableLoggingRequestDetails='false': request parameters and headers will be masked to prevent unsafe logging of potentially sensitive data
[2025-05-30 01:20:17.818] [RMI TCP Connection(3)-192.168.1.102] [] [] [INFO] o.s.web.servlet.DispatcherServlet - Completed initialization in 2 ms
[2025-05-30 01:22:31.842] [http-nio-8081-exec-1] [] [] [DEBUG] o.s.web.servlet.DispatcherServlet - POST "/api/users/login", parameters={}
[2025-05-30 01:22:31.852] [http-nio-8081-exec-1] [f400b601] [user-service] [INFO] c.c.u.config.LoggingInterceptor - [REQUEST:f400b601] [user-service:8081] [DETAILS] Method: POST, Path: /api/users/login, Query: , Body: {}
[2025-05-30 01:22:31.878] [http-nio-8081-exec-1] [f400b601] [user-service] [DEBUG] o.s.jdbc.core.JdbcTemplate - Executing prepared SQL query
[2025-05-30 01:22:31.878] [http-nio-8081-exec-1] [f400b601] [user-service] [DEBUG] o.s.jdbc.core.JdbcTemplate - Executing prepared SQL statement [SELECT u.*, a.id as address_id, a.street, a.city, fn.id as fullname_id, fn.firstName, fn.lastName FROM tblUser u LEFT JOIN Address a ON u.AddressId = a.id LEFT JOIN FullName fn ON u.FullNameId = fn.id WHERE u.username = ?]
[2025-05-30 01:22:31.947] [http-nio-8081-exec-1] [f400b601] [user-service] [INFO] c.c.u.config.LoggingInterceptor - [RESPONSE:f400b601] [user-service:8081] [PROXY] Response from User Service: 200 /api/users/login 95 ms
[2025-05-30 01:22:31.947] [http-nio-8081-exec-1] [] [] [DEBUG] o.s.web.servlet.DispatcherServlet - Completed 200 OK
[2025-05-30 01:22:36.373] [http-nio-8081-exec-6] [] [] [DEBUG] o.s.web.servlet.DispatcherServlet - GET "/api/customers/2", parameters={}
[2025-05-30 01:22:36.374] [http-nio-8081-exec-6] [232ecc69] [user-service] [INFO] c.c.u.config.LoggingInterceptor - [REQUEST:232ecc69] [user-service:8081] [DETAILS] Method: GET, Path: /api/customers/2, Query: , Body: {}
[2025-05-30 01:22:36.382] [http-nio-8081-exec-6] [232ecc69] [user-service] [DEBUG] o.s.jdbc.core.JdbcTemplate - Executing prepared SQL query
[2025-05-30 01:22:36.382] [http-nio-8081-exec-6] [232ecc69] [user-service] [DEBUG] o.s.jdbc.core.JdbcTemplate - Executing prepared SQL statement [SELECT u.*, c.loyaltyPoints, a.id as address_id, a.street, a.city, fn.id as fullname_id, fn.firstName, fn.lastName FROM tblUser u INNER JOIN Customer c ON u.id = c.id LEFT JOIN Address a ON u.AddressId = a.id LEFT JOIN FullName fn ON u.FullNameId = fn.id WHERE u.id = ?]
[2025-05-30 01:22:36.405] [http-nio-8081-exec-6] [232ecc69] [user-service] [INFO] c.c.u.config.LoggingInterceptor - [RESPONSE:232ecc69] [user-service:8081] [PROXY] Response from User Service: 200 /api/customers/2 31 ms
[2025-05-30 01:22:36.405] [http-nio-8081-exec-6] [] [] [DEBUG] o.s.web.servlet.DispatcherServlet - Completed 200 OK
[2025-05-30 01:22:36.442] [http-nio-8081-exec-8] [] [] [DEBUG] o.s.web.servlet.DispatcherServlet - GET "/api/customers/4", parameters={}
[2025-05-30 01:22:36.442] [http-nio-8081-exec-8] [aebcf053] [user-service] [INFO] c.c.u.config.LoggingInterceptor - [REQUEST:aebcf053] [user-service:8081] [DETAILS] Method: GET, Path: /api/customers/4, Query: , Body: {}
[2025-05-30 01:22:36.442] [http-nio-8081-exec-8] [aebcf053] [user-service] [DEBUG] o.s.jdbc.core.JdbcTemplate - Executing prepared SQL query
[2025-05-30 01:22:36.442] [http-nio-8081-exec-8] [aebcf053] [user-service] [DEBUG] o.s.jdbc.core.JdbcTemplate - Executing prepared SQL statement [SELECT u.*, c.loyaltyPoints, a.id as address_id, a.street, a.city, fn.id as fullname_id, fn.firstName, fn.lastName FROM tblUser u INNER JOIN Customer c ON u.id = c.id LEFT JOIN Address a ON u.AddressId = a.id LEFT JOIN FullName fn ON u.FullNameId = fn.id WHERE u.id = ?]
[2025-05-30 01:22:36.454] [http-nio-8081-exec-8] [aebcf053] [user-service] [INFO] c.c.u.config.LoggingInterceptor - [RESPONSE:aebcf053] [user-service:8081] [PROXY] Response from User Service: 200 /api/customers/4 12 ms
[2025-05-30 01:22:36.454] [http-nio-8081-exec-8] [] [] [DEBUG] o.s.web.servlet.DispatcherServlet - Completed 200 OK
[2025-05-30 01:22:36.454] [http-nio-8081-exec-4] [] [] [DEBUG] o.s.web.servlet.DispatcherServlet - GET "/api/customers/5", parameters={}
[2025-05-30 01:22:36.454] [http-nio-8081-exec-4] [392b5515] [user-service] [INFO] c.c.u.config.LoggingInterceptor - [REQUEST:392b5515] [user-service:8081] [DETAILS] Method: GET, Path: /api/customers/5, Query: , Body: {}
[2025-05-30 01:22:36.470] [http-nio-8081-exec-4] [392b5515] [user-service] [DEBUG] o.s.jdbc.core.JdbcTemplate - Executing prepared SQL query
[2025-05-30 01:22:36.471] [http-nio-8081-exec-4] [392b5515] [user-service] [DEBUG] o.s.jdbc.core.JdbcTemplate - Executing prepared SQL statement [SELECT u.*, c.loyaltyPoints, a.id as address_id, a.street, a.city, fn.id as fullname_id, fn.firstName, fn.lastName FROM tblUser u INNER JOIN Customer c ON u.id = c.id LEFT JOIN Address a ON u.AddressId = a.id LEFT JOIN FullName fn ON u.FullNameId = fn.id WHERE u.id = ?]
[2025-05-30 01:22:36.488] [http-nio-8081-exec-4] [392b5515] [user-service] [INFO] c.c.u.config.LoggingInterceptor - [RESPONSE:392b5515] [user-service:8081] [PROXY] Response from User Service: 200 /api/customers/5 34 ms
[2025-05-30 01:22:36.488] [http-nio-8081-exec-4] [] [] [DEBUG] o.s.web.servlet.DispatcherServlet - Completed 200 OK
[2025-05-30 01:22:36.488] [http-nio-8081-exec-5] [] [] [DEBUG] o.s.web.servlet.DispatcherServlet - GET "/api/customers/7", parameters={}
[2025-05-30 01:22:36.488] [http-nio-8081-exec-5] [e92f8855] [user-service] [INFO] c.c.u.config.LoggingInterceptor - [REQUEST:e92f8855] [user-service:8081] [DETAILS] Method: GET, Path: /api/customers/7, Query: , Body: {}
[2025-05-30 01:22:36.488] [http-nio-8081-exec-5] [e92f8855] [user-service] [DEBUG] o.s.jdbc.core.JdbcTemplate - Executing prepared SQL query
[2025-05-30 01:22:36.488] [http-nio-8081-exec-5] [e92f8855] [user-service] [DEBUG] o.s.jdbc.core.JdbcTemplate - Executing prepared SQL statement [SELECT u.*, c.loyaltyPoints, a.id as address_id, a.street, a.city, fn.id as fullname_id, fn.firstName, fn.lastName FROM tblUser u INNER JOIN Customer c ON u.id = c.id LEFT JOIN Address a ON u.AddressId = a.id LEFT JOIN FullName fn ON u.FullNameId = fn.id WHERE u.id = ?]
[2025-05-30 01:22:36.519] [http-nio-8081-exec-5] [e92f8855] [user-service] [INFO] c.c.u.config.LoggingInterceptor - [RESPONSE:e92f8855] [user-service:8081] [PROXY] Response from User Service: 200 /api/customers/7 31 ms
[2025-05-30 01:22:36.519] [http-nio-8081-exec-5] [] [] [DEBUG] o.s.web.servlet.DispatcherServlet - Completed 200 OK
[2025-05-30 01:22:36.526] [http-nio-8081-exec-2] [] [] [DEBUG] o.s.web.servlet.DispatcherServlet - GET "/api/customers/9", parameters={}
[2025-05-30 01:22:36.527] [http-nio-8081-exec-2] [21968b95] [user-service] [INFO] c.c.u.config.LoggingInterceptor - [REQUEST:21968b95] [user-service:8081] [DETAILS] Method: GET, Path: /api/customers/9, Query: , Body: {}
[2025-05-30 01:22:36.527] [http-nio-8081-exec-2] [21968b95] [user-service] [DEBUG] o.s.jdbc.core.JdbcTemplate - Executing prepared SQL query
[2025-05-30 01:22:36.527] [http-nio-8081-exec-2] [21968b95] [user-service] [DEBUG] o.s.jdbc.core.JdbcTemplate - Executing prepared SQL statement [SELECT u.*, c.loyaltyPoints, a.id as address_id, a.street, a.city, fn.id as fullname_id, fn.firstName, fn.lastName FROM tblUser u INNER JOIN Customer c ON u.id = c.id LEFT JOIN Address a ON u.AddressId = a.id LEFT JOIN FullName fn ON u.FullNameId = fn.id WHERE u.id = ?]
[2025-05-30 01:22:36.540] [http-nio-8081-exec-2] [21968b95] [user-service] [INFO] c.c.u.config.LoggingInterceptor - [RESPONSE:21968b95] [user-service:8081] [PROXY] Response from User Service: 200 /api/customers/9 13 ms
[2025-05-30 01:22:36.540] [http-nio-8081-exec-2] [] [] [DEBUG] o.s.web.servlet.DispatcherServlet - Completed 200 OK
[2025-05-30 01:22:36.555] [http-nio-8081-exec-7] [] [] [DEBUG] o.s.web.servlet.DispatcherServlet - GET "/api/customers/6", parameters={}
[2025-05-30 01:22:36.555] [http-nio-8081-exec-7] [cad994ca] [user-service] [INFO] c.c.u.config.LoggingInterceptor - [REQUEST:cad994ca] [user-service:8081] [DETAILS] Method: GET, Path: /api/customers/6, Query: , Body: {}
[2025-05-30 01:22:36.555] [http-nio-8081-exec-7] [cad994ca] [user-service] [DEBUG] o.s.jdbc.core.JdbcTemplate - Executing prepared SQL query
[2025-05-30 01:22:36.555] [http-nio-8081-exec-7] [cad994ca] [user-service] [DEBUG] o.s.jdbc.core.JdbcTemplate - Executing prepared SQL statement [SELECT u.*, c.loyaltyPoints, a.id as address_id, a.street, a.city, fn.id as fullname_id, fn.firstName, fn.lastName FROM tblUser u INNER JOIN Customer c ON u.id = c.id LEFT JOIN Address a ON u.AddressId = a.id LEFT JOIN FullName fn ON u.FullNameId = fn.id WHERE u.id = ?]
[2025-05-30 01:22:36.574] [http-nio-8081-exec-7] [cad994ca] [user-service] [INFO] c.c.u.config.LoggingInterceptor - [RESPONSE:cad994ca] [user-service:8081] [PROXY] Response from User Service: 200 /api/customers/6 19 ms
[2025-05-30 01:22:36.574] [http-nio-8081-exec-7] [] [] [DEBUG] o.s.web.servlet.DispatcherServlet - Completed 200 OK
[2025-05-30 01:22:36.574] [http-nio-8081-exec-3] [] [] [DEBUG] o.s.web.servlet.DispatcherServlet - GET "/api/customers/8", parameters={}
[2025-05-30 01:22:36.574] [http-nio-8081-exec-3] [f4528128] [user-service] [INFO] c.c.u.config.LoggingInterceptor - [REQUEST:f4528128] [user-service:8081] [DETAILS] Method: GET, Path: /api/customers/8, Query: , Body: {}
[2025-05-30 01:22:36.574] [http-nio-8081-exec-3] [f4528128] [user-service] [DEBUG] o.s.jdbc.core.JdbcTemplate - Executing prepared SQL query
[2025-05-30 01:22:36.574] [http-nio-8081-exec-3] [f4528128] [user-service] [DEBUG] o.s.jdbc.core.JdbcTemplate - Executing prepared SQL statement [SELECT u.*, c.loyaltyPoints, a.id as address_id, a.street, a.city, fn.id as fullname_id, fn.firstName, fn.lastName FROM tblUser u INNER JOIN Customer c ON u.id = c.id LEFT JOIN Address a ON u.AddressId = a.id LEFT JOIN FullName fn ON u.FullNameId = fn.id WHERE u.id = ?]
[2025-05-30 01:22:36.604] [http-nio-8081-exec-3] [f4528128] [user-service] [INFO] c.c.u.config.LoggingInterceptor - [RESPONSE:f4528128] [user-service:8081] [PROXY] Response from User Service: 200 /api/customers/8 30 ms
[2025-05-30 01:22:36.604] [http-nio-8081-exec-3] [] [] [DEBUG] o.s.web.servlet.DispatcherServlet - Completed 200 OK
[2025-05-30 01:22:36.607] [http-nio-8081-exec-9] [] [] [DEBUG] o.s.web.servlet.DispatcherServlet - GET "/api/customers/10", parameters={}
[2025-05-30 01:22:36.607] [http-nio-8081-exec-9] [5ad5a082] [user-service] [INFO] c.c.u.config.LoggingInterceptor - [REQUEST:5ad5a082] [user-service:8081] [DETAILS] Method: GET, Path: /api/customers/10, Query: , Body: {}
[2025-05-30 01:22:36.607] [http-nio-8081-exec-9] [5ad5a082] [user-service] [DEBUG] o.s.jdbc.core.JdbcTemplate - Executing prepared SQL query
[2025-05-30 01:22:36.607] [http-nio-8081-exec-9] [5ad5a082] [user-service] [DEBUG] o.s.jdbc.core.JdbcTemplate - Executing prepared SQL statement [SELECT u.*, c.loyaltyPoints, a.id as address_id, a.street, a.city, fn.id as fullname_id, fn.firstName, fn.lastName FROM tblUser u INNER JOIN Customer c ON u.id = c.id LEFT JOIN Address a ON u.AddressId = a.id LEFT JOIN FullName fn ON u.FullNameId = fn.id WHERE u.id = ?]
[2025-05-30 01:22:36.621] [http-nio-8081-exec-9] [5ad5a082] [user-service] [INFO] c.c.u.config.LoggingInterceptor - [RESPONSE:5ad5a082] [user-service:8081] [PROXY] Response from User Service: 200 /api/customers/10 14 ms
[2025-05-30 01:22:36.621] [http-nio-8081-exec-9] [] [] [DEBUG] o.s.web.servlet.DispatcherServlet - Completed 200 OK
[2025-05-30 01:22:36.621] [http-nio-8081-exec-10] [] [] [DEBUG] o.s.web.servlet.DispatcherServlet - GET "/api/customers/4", parameters={}
[2025-05-30 01:22:36.621] [http-nio-8081-exec-10] [79af15d0] [user-service] [INFO] c.c.u.config.LoggingInterceptor - [REQUEST:79af15d0] [user-service:8081] [DETAILS] Method: GET, Path: /api/customers/4, Query: , Body: {}
[2025-05-30 01:22:36.621] [http-nio-8081-exec-10] [79af15d0] [user-service] [DEBUG] o.s.jdbc.core.JdbcTemplate - Executing prepared SQL query
[2025-05-30 01:22:36.621] [http-nio-8081-exec-10] [79af15d0] [user-service] [DEBUG] o.s.jdbc.core.JdbcTemplate - Executing prepared SQL statement [SELECT u.*, c.loyaltyPoints, a.id as address_id, a.street, a.city, fn.id as fullname_id, fn.firstName, fn.lastName FROM tblUser u INNER JOIN Customer c ON u.id = c.id LEFT JOIN Address a ON u.AddressId = a.id LEFT JOIN FullName fn ON u.FullNameId = fn.id WHERE u.id = ?]
[2025-05-30 01:22:36.648] [http-nio-8081-exec-10] [79af15d0] [user-service] [INFO] c.c.u.config.LoggingInterceptor - [RESPONSE:79af15d0] [user-service:8081] [PROXY] Response from User Service: 200 /api/customers/4 27 ms
[2025-05-30 01:22:36.648] [http-nio-8081-exec-10] [] [] [DEBUG] o.s.web.servlet.DispatcherServlet - Completed 200 OK
[2025-05-30 01:22:36.650] [http-nio-8081-exec-1] [] [] [DEBUG] o.s.web.servlet.DispatcherServlet - GET "/api/customers/5", parameters={}
[2025-05-30 01:22:36.653] [http-nio-8081-exec-1] [77ae9c24] [user-service] [INFO] c.c.u.config.LoggingInterceptor - [REQUEST:77ae9c24] [user-service:8081] [DETAILS] Method: GET, Path: /api/customers/5, Query: , Body: {}
[2025-05-30 01:22:36.654] [http-nio-8081-exec-1] [77ae9c24] [user-service] [DEBUG] o.s.jdbc.core.JdbcTemplate - Executing prepared SQL query
[2025-05-30 01:22:36.654] [http-nio-8081-exec-1] [77ae9c24] [user-service] [DEBUG] o.s.jdbc.core.JdbcTemplate - Executing prepared SQL statement [SELECT u.*, c.loyaltyPoints, a.id as address_id, a.street, a.city, fn.id as fullname_id, fn.firstName, fn.lastName FROM tblUser u INNER JOIN Customer c ON u.id = c.id LEFT JOIN Address a ON u.AddressId = a.id LEFT JOIN FullName fn ON u.FullNameId = fn.id WHERE u.id = ?]
[2025-05-30 01:22:36.671] [http-nio-8081-exec-1] [77ae9c24] [user-service] [INFO] c.c.u.config.LoggingInterceptor - [RESPONSE:77ae9c24] [user-service:8081] [PROXY] Response from User Service: 200 /api/customers/5 18 ms
[2025-05-30 01:22:36.671] [http-nio-8081-exec-1] [] [] [DEBUG] o.s.web.servlet.DispatcherServlet - Completed 200 OK
[2025-05-30 01:22:36.673] [http-nio-8081-exec-6] [] [] [DEBUG] o.s.web.servlet.DispatcherServlet - GET "/api/customers/2", parameters={}
[2025-05-30 01:22:36.673] [http-nio-8081-exec-6] [f125b952] [user-service] [INFO] c.c.u.config.LoggingInterceptor - [REQUEST:f125b952] [user-service:8081] [DETAILS] Method: GET, Path: /api/customers/2, Query: , Body: {}
[2025-05-30 01:22:36.673] [http-nio-8081-exec-6] [f125b952] [user-service] [DEBUG] o.s.jdbc.core.JdbcTemplate - Executing prepared SQL query
[2025-05-30 01:22:36.673] [http-nio-8081-exec-6] [f125b952] [user-service] [DEBUG] o.s.jdbc.core.JdbcTemplate - Executing prepared SQL statement [SELECT u.*, c.loyaltyPoints, a.id as address_id, a.street, a.city, fn.id as fullname_id, fn.firstName, fn.lastName FROM tblUser u INNER JOIN Customer c ON u.id = c.id LEFT JOIN Address a ON u.AddressId = a.id LEFT JOIN FullName fn ON u.FullNameId = fn.id WHERE u.id = ?]
[2025-05-30 01:22:36.690] [http-nio-8081-exec-6] [f125b952] [user-service] [INFO] c.c.u.config.LoggingInterceptor - [RESPONSE:f125b952] [user-service:8081] [PROXY] Response from User Service: 200 /api/customers/2 17 ms
[2025-05-30 01:22:36.690] [http-nio-8081-exec-6] [] [] [DEBUG] o.s.web.servlet.DispatcherServlet - Completed 200 OK
[2025-05-30 01:22:36.690] [http-nio-8081-exec-8] [] [] [DEBUG] o.s.web.servlet.DispatcherServlet - GET "/api/customers/7", parameters={}
[2025-05-30 01:22:36.690] [http-nio-8081-exec-8] [e5190769] [user-service] [INFO] c.c.u.config.LoggingInterceptor - [REQUEST:e5190769] [user-service:8081] [DETAILS] Method: GET, Path: /api/customers/7, Query: , Body: {}
[2025-05-30 01:22:36.690] [http-nio-8081-exec-8] [e5190769] [user-service] [DEBUG] o.s.jdbc.core.JdbcTemplate - Executing prepared SQL query
[2025-05-30 01:22:36.690] [http-nio-8081-exec-8] [e5190769] [user-service] [DEBUG] o.s.jdbc.core.JdbcTemplate - Executing prepared SQL statement [SELECT u.*, c.loyaltyPoints, a.id as address_id, a.street, a.city, fn.id as fullname_id, fn.firstName, fn.lastName FROM tblUser u INNER JOIN Customer c ON u.id = c.id LEFT JOIN Address a ON u.AddressId = a.id LEFT JOIN FullName fn ON u.FullNameId = fn.id WHERE u.id = ?]
[2025-05-30 01:22:36.704] [http-nio-8081-exec-8] [e5190769] [user-service] [INFO] c.c.u.config.LoggingInterceptor - [RESPONSE:e5190769] [user-service:8081] [PROXY] Response from User Service: 200 /api/customers/7 14 ms
[2025-05-30 01:22:36.704] [http-nio-8081-exec-8] [] [] [DEBUG] o.s.web.servlet.DispatcherServlet - Completed 200 OK
[2025-05-30 01:22:36.721] [http-nio-8081-exec-4] [] [] [DEBUG] o.s.web.servlet.DispatcherServlet - GET "/api/customers/9", parameters={}
[2025-05-30 01:22:36.723] [http-nio-8081-exec-4] [5c50c855] [user-service] [INFO] c.c.u.config.LoggingInterceptor - [REQUEST:5c50c855] [user-service:8081] [DETAILS] Method: GET, Path: /api/customers/9, Query: , Body: {}
[2025-05-30 01:22:36.723] [http-nio-8081-exec-4] [5c50c855] [user-service] [DEBUG] o.s.jdbc.core.JdbcTemplate - Executing prepared SQL query
[2025-05-30 01:22:36.723] [http-nio-8081-exec-4] [5c50c855] [user-service] [DEBUG] o.s.jdbc.core.JdbcTemplate - Executing prepared SQL statement [SELECT u.*, c.loyaltyPoints, a.id as address_id, a.street, a.city, fn.id as fullname_id, fn.firstName, fn.lastName FROM tblUser u INNER JOIN Customer c ON u.id = c.id LEFT JOIN Address a ON u.AddressId = a.id LEFT JOIN FullName fn ON u.FullNameId = fn.id WHERE u.id = ?]
[2025-05-30 01:22:36.743] [http-nio-8081-exec-4] [5c50c855] [user-service] [INFO] c.c.u.config.LoggingInterceptor - [RESPONSE:5c50c855] [user-service:8081] [PROXY] Response from User Service: 200 /api/customers/9 20 ms
[2025-05-30 01:22:36.743] [http-nio-8081-exec-4] [] [] [DEBUG] o.s.web.servlet.DispatcherServlet - Completed 200 OK
[2025-05-30 01:22:36.747] [http-nio-8081-exec-5] [] [] [DEBUG] o.s.web.servlet.DispatcherServlet - GET "/api/customers/6", parameters={}
[2025-05-30 01:22:36.747] [http-nio-8081-exec-5] [8776af4b] [user-service] [INFO] c.c.u.config.LoggingInterceptor - [REQUEST:8776af4b] [user-service:8081] [DETAILS] Method: GET, Path: /api/customers/6, Query: , Body: {}
[2025-05-30 01:22:36.748] [http-nio-8081-exec-5] [8776af4b] [user-service] [DEBUG] o.s.jdbc.core.JdbcTemplate - Executing prepared SQL query
[2025-05-30 01:22:36.748] [http-nio-8081-exec-5] [8776af4b] [user-service] [DEBUG] o.s.jdbc.core.JdbcTemplate - Executing prepared SQL statement [SELECT u.*, c.loyaltyPoints, a.id as address_id, a.street, a.city, fn.id as fullname_id, fn.firstName, fn.lastName FROM tblUser u INNER JOIN Customer c ON u.id = c.id LEFT JOIN Address a ON u.AddressId = a.id LEFT JOIN FullName fn ON u.FullNameId = fn.id WHERE u.id = ?]
[2025-05-30 01:22:36.765] [http-nio-8081-exec-5] [8776af4b] [user-service] [INFO] c.c.u.config.LoggingInterceptor - [RESPONSE:8776af4b] [user-service:8081] [PROXY] Response from User Service: 200 /api/customers/6 18 ms
[2025-05-30 01:22:36.765] [http-nio-8081-exec-5] [] [] [DEBUG] o.s.web.servlet.DispatcherServlet - Completed 200 OK
[2025-05-30 01:22:36.768] [http-nio-8081-exec-2] [] [] [DEBUG] o.s.web.servlet.DispatcherServlet - GET "/api/customers/10", parameters={}
[2025-05-30 01:22:36.770] [http-nio-8081-exec-2] [25eb822d] [user-service] [INFO] c.c.u.config.LoggingInterceptor - [REQUEST:25eb822d] [user-service:8081] [DETAILS] Method: GET, Path: /api/customers/10, Query: , Body: {}
[2025-05-30 01:22:36.771] [http-nio-8081-exec-2] [25eb822d] [user-service] [DEBUG] o.s.jdbc.core.JdbcTemplate - Executing prepared SQL query
[2025-05-30 01:22:36.771] [http-nio-8081-exec-2] [25eb822d] [user-service] [DEBUG] o.s.jdbc.core.JdbcTemplate - Executing prepared SQL statement [SELECT u.*, c.loyaltyPoints, a.id as address_id, a.street, a.city, fn.id as fullname_id, fn.firstName, fn.lastName FROM tblUser u INNER JOIN Customer c ON u.id = c.id LEFT JOIN Address a ON u.AddressId = a.id LEFT JOIN FullName fn ON u.FullNameId = fn.id WHERE u.id = ?]
[2025-05-30 01:22:36.790] [http-nio-8081-exec-2] [25eb822d] [user-service] [INFO] c.c.u.config.LoggingInterceptor - [RESPONSE:25eb822d] [user-service:8081] [PROXY] Response from User Service: 200 /api/customers/10 20 ms
[2025-05-30 01:22:36.790] [http-nio-8081-exec-2] [] [] [DEBUG] o.s.web.servlet.DispatcherServlet - Completed 200 OK
[2025-05-30 01:23:09.763] [http-nio-8081-exec-7] [] [] [DEBUG] o.s.web.servlet.DispatcherServlet - GET "/api/customers/2", parameters={}
[2025-05-30 01:23:09.764] [http-nio-8081-exec-7] [de5ad0c7] [user-service] [INFO] c.c.u.config.LoggingInterceptor - [REQUEST:de5ad0c7] [user-service:8081] [DETAILS] Method: GET, Path: /api/customers/2, Query: , Body: {}
[2025-05-30 01:23:09.764] [http-nio-8081-exec-7] [de5ad0c7] [user-service] [DEBUG] o.s.jdbc.core.JdbcTemplate - Executing prepared SQL query
[2025-05-30 01:23:09.764] [http-nio-8081-exec-7] [de5ad0c7] [user-service] [DEBUG] o.s.jdbc.core.JdbcTemplate - Executing prepared SQL statement [SELECT u.*, c.loyaltyPoints, a.id as address_id, a.street, a.city, fn.id as fullname_id, fn.firstName, fn.lastName FROM tblUser u INNER JOIN Customer c ON u.id = c.id LEFT JOIN Address a ON u.AddressId = a.id LEFT JOIN FullName fn ON u.FullNameId = fn.id WHERE u.id = ?]
[2025-05-30 01:23:09.779] [http-nio-8081-exec-7] [de5ad0c7] [user-service] [INFO] c.c.u.config.LoggingInterceptor - [RESPONSE:de5ad0c7] [user-service:8081] [PROXY] Response from User Service: 200 /api/customers/2 15 ms
[2025-05-30 01:23:09.780] [http-nio-8081-exec-7] [] [] [DEBUG] o.s.web.servlet.DispatcherServlet - Completed 200 OK
[2025-05-30 01:23:09.783] [http-nio-8081-exec-3] [] [] [DEBUG] o.s.web.servlet.DispatcherServlet - GET "/api/customers/4", parameters={}
[2025-05-30 01:23:09.784] [http-nio-8081-exec-3] [5ec30c2e] [user-service] [INFO] c.c.u.config.LoggingInterceptor - [REQUEST:5ec30c2e] [user-service:8081] [DETAILS] Method: GET, Path: /api/customers/4, Query: , Body: {}
[2025-05-30 01:23:09.784] [http-nio-8081-exec-3] [5ec30c2e] [user-service] [DEBUG] o.s.jdbc.core.JdbcTemplate - Executing prepared SQL query
[2025-05-30 01:23:09.784] [http-nio-8081-exec-3] [5ec30c2e] [user-service] [DEBUG] o.s.jdbc.core.JdbcTemplate - Executing prepared SQL statement [SELECT u.*, c.loyaltyPoints, a.id as address_id, a.street, a.city, fn.id as fullname_id, fn.firstName, fn.lastName FROM tblUser u INNER JOIN Customer c ON u.id = c.id LEFT JOIN Address a ON u.AddressId = a.id LEFT JOIN FullName fn ON u.FullNameId = fn.id WHERE u.id = ?]
[2025-05-30 01:23:09.803] [http-nio-8081-exec-3] [5ec30c2e] [user-service] [INFO] c.c.u.config.LoggingInterceptor - [RESPONSE:5ec30c2e] [user-service:8081] [PROXY] Response from User Service: 200 /api/customers/4 19 ms
[2025-05-30 01:23:09.803] [http-nio-8081-exec-3] [] [] [DEBUG] o.s.web.servlet.DispatcherServlet - Completed 200 OK
[2025-05-30 01:23:09.807] [http-nio-8081-exec-9] [] [] [DEBUG] o.s.web.servlet.DispatcherServlet - GET "/api/customers/5", parameters={}
[2025-05-30 01:23:09.807] [http-nio-8081-exec-9] [68a86f2f] [user-service] [INFO] c.c.u.config.LoggingInterceptor - [REQUEST:68a86f2f] [user-service:8081] [DETAILS] Method: GET, Path: /api/customers/5, Query: , Body: {}
[2025-05-30 01:23:09.807] [http-nio-8081-exec-9] [68a86f2f] [user-service] [DEBUG] o.s.jdbc.core.JdbcTemplate - Executing prepared SQL query
[2025-05-30 01:23:09.807] [http-nio-8081-exec-9] [68a86f2f] [user-service] [DEBUG] o.s.jdbc.core.JdbcTemplate - Executing prepared SQL statement [SELECT u.*, c.loyaltyPoints, a.id as address_id, a.street, a.city, fn.id as fullname_id, fn.firstName, fn.lastName FROM tblUser u INNER JOIN Customer c ON u.id = c.id LEFT JOIN Address a ON u.AddressId = a.id LEFT JOIN FullName fn ON u.FullNameId = fn.id WHERE u.id = ?]
[2025-05-30 01:23:09.823] [http-nio-8081-exec-9] [68a86f2f] [user-service] [INFO] c.c.u.config.LoggingInterceptor - [RESPONSE:68a86f2f] [user-service:8081] [PROXY] Response from User Service: 200 /api/customers/5 16 ms
[2025-05-30 01:23:09.824] [http-nio-8081-exec-9] [] [] [DEBUG] o.s.web.servlet.DispatcherServlet - Completed 200 OK
[2025-05-30 01:23:09.827] [http-nio-8081-exec-10] [] [] [DEBUG] o.s.web.servlet.DispatcherServlet - GET "/api/customers/7", parameters={}
[2025-05-30 01:23:09.828] [http-nio-8081-exec-10] [7cf7610c] [user-service] [INFO] c.c.u.config.LoggingInterceptor - [REQUEST:7cf7610c] [user-service:8081] [DETAILS] Method: GET, Path: /api/customers/7, Query: , Body: {}
[2025-05-30 01:23:09.829] [http-nio-8081-exec-10] [7cf7610c] [user-service] [DEBUG] o.s.jdbc.core.JdbcTemplate - Executing prepared SQL query
[2025-05-30 01:23:09.829] [http-nio-8081-exec-10] [7cf7610c] [user-service] [DEBUG] o.s.jdbc.core.JdbcTemplate - Executing prepared SQL statement [SELECT u.*, c.loyaltyPoints, a.id as address_id, a.street, a.city, fn.id as fullname_id, fn.firstName, fn.lastName FROM tblUser u INNER JOIN Customer c ON u.id = c.id LEFT JOIN Address a ON u.AddressId = a.id LEFT JOIN FullName fn ON u.FullNameId = fn.id WHERE u.id = ?]
[2025-05-30 01:23:09.844] [http-nio-8081-exec-10] [7cf7610c] [user-service] [INFO] c.c.u.config.LoggingInterceptor - [RESPONSE:7cf7610c] [user-service:8081] [PROXY] Response from User Service: 200 /api/customers/7 16 ms
[2025-05-30 01:23:09.844] [http-nio-8081-exec-10] [] [] [DEBUG] o.s.web.servlet.DispatcherServlet - Completed 200 OK
[2025-05-30 01:23:09.848] [http-nio-8081-exec-1] [] [] [DEBUG] o.s.web.servlet.DispatcherServlet - GET "/api/customers/9", parameters={}
[2025-05-30 01:23:09.848] [http-nio-8081-exec-1] [39431ec6] [user-service] [INFO] c.c.u.config.LoggingInterceptor - [REQUEST:39431ec6] [user-service:8081] [DETAILS] Method: GET, Path: /api/customers/9, Query: , Body: {}
[2025-05-30 01:23:09.849] [http-nio-8081-exec-1] [39431ec6] [user-service] [DEBUG] o.s.jdbc.core.JdbcTemplate - Executing prepared SQL query
[2025-05-30 01:23:09.849] [http-nio-8081-exec-1] [39431ec6] [user-service] [DEBUG] o.s.jdbc.core.JdbcTemplate - Executing prepared SQL statement [SELECT u.*, c.loyaltyPoints, a.id as address_id, a.street, a.city, fn.id as fullname_id, fn.firstName, fn.lastName FROM tblUser u INNER JOIN Customer c ON u.id = c.id LEFT JOIN Address a ON u.AddressId = a.id LEFT JOIN FullName fn ON u.FullNameId = fn.id WHERE u.id = ?]
[2025-05-30 01:23:09.863] [http-nio-8081-exec-1] [39431ec6] [user-service] [INFO] c.c.u.config.LoggingInterceptor - [RESPONSE:39431ec6] [user-service:8081] [PROXY] Response from User Service: 200 /api/customers/9 15 ms
[2025-05-30 01:23:09.863] [http-nio-8081-exec-1] [] [] [DEBUG] o.s.web.servlet.DispatcherServlet - Completed 200 OK
[2025-05-30 01:23:09.867] [http-nio-8081-exec-6] [] [] [DEBUG] o.s.web.servlet.DispatcherServlet - GET "/api/customers/6", parameters={}
[2025-05-30 01:23:09.867] [http-nio-8081-exec-6] [cb993379] [user-service] [INFO] c.c.u.config.LoggingInterceptor - [REQUEST:cb993379] [user-service:8081] [DETAILS] Method: GET, Path: /api/customers/6, Query: , Body: {}
[2025-05-30 01:23:09.868] [http-nio-8081-exec-6] [cb993379] [user-service] [DEBUG] o.s.jdbc.core.JdbcTemplate - Executing prepared SQL query
[2025-05-30 01:23:09.868] [http-nio-8081-exec-6] [cb993379] [user-service] [DEBUG] o.s.jdbc.core.JdbcTemplate - Executing prepared SQL statement [SELECT u.*, c.loyaltyPoints, a.id as address_id, a.street, a.city, fn.id as fullname_id, fn.firstName, fn.lastName FROM tblUser u INNER JOIN Customer c ON u.id = c.id LEFT JOIN Address a ON u.AddressId = a.id LEFT JOIN FullName fn ON u.FullNameId = fn.id WHERE u.id = ?]
[2025-05-30 01:23:09.886] [http-nio-8081-exec-6] [cb993379] [user-service] [INFO] c.c.u.config.LoggingInterceptor - [RESPONSE:cb993379] [user-service:8081] [PROXY] Response from User Service: 200 /api/customers/6 19 ms
[2025-05-30 01:23:09.886] [http-nio-8081-exec-6] [] [] [DEBUG] o.s.web.servlet.DispatcherServlet - Completed 200 OK
[2025-05-30 01:23:09.890] [http-nio-8081-exec-8] [] [] [DEBUG] o.s.web.servlet.DispatcherServlet - GET "/api/customers/8", parameters={}
[2025-05-30 01:23:09.891] [http-nio-8081-exec-8] [07bbbe4f] [user-service] [INFO] c.c.u.config.LoggingInterceptor - [REQUEST:07bbbe4f] [user-service:8081] [DETAILS] Method: GET, Path: /api/customers/8, Query: , Body: {}
[2025-05-30 01:23:09.891] [http-nio-8081-exec-8] [07bbbe4f] [user-service] [DEBUG] o.s.jdbc.core.JdbcTemplate - Executing prepared SQL query
[2025-05-30 01:23:09.892] [http-nio-8081-exec-8] [07bbbe4f] [user-service] [DEBUG] o.s.jdbc.core.JdbcTemplate - Executing prepared SQL statement [SELECT u.*, c.loyaltyPoints, a.id as address_id, a.street, a.city, fn.id as fullname_id, fn.firstName, fn.lastName FROM tblUser u INNER JOIN Customer c ON u.id = c.id LEFT JOIN Address a ON u.AddressId = a.id LEFT JOIN FullName fn ON u.FullNameId = fn.id WHERE u.id = ?]
[2025-05-30 01:23:09.909] [http-nio-8081-exec-8] [07bbbe4f] [user-service] [INFO] c.c.u.config.LoggingInterceptor - [RESPONSE:07bbbe4f] [user-service:8081] [PROXY] Response from User Service: 200 /api/customers/8 18 ms
[2025-05-30 01:23:09.909] [http-nio-8081-exec-8] [] [] [DEBUG] o.s.web.servlet.DispatcherServlet - Completed 200 OK
[2025-05-30 01:23:09.912] [http-nio-8081-exec-4] [] [] [DEBUG] o.s.web.servlet.DispatcherServlet - GET "/api/customers/10", parameters={}
[2025-05-30 01:23:09.913] [http-nio-8081-exec-4] [b24e805c] [user-service] [INFO] c.c.u.config.LoggingInterceptor - [REQUEST:b24e805c] [user-service:8081] [DETAILS] Method: GET, Path: /api/customers/10, Query: , Body: {}
[2025-05-30 01:23:09.914] [http-nio-8081-exec-4] [b24e805c] [user-service] [DEBUG] o.s.jdbc.core.JdbcTemplate - Executing prepared SQL query
[2025-05-30 01:23:09.914] [http-nio-8081-exec-4] [b24e805c] [user-service] [DEBUG] o.s.jdbc.core.JdbcTemplate - Executing prepared SQL statement [SELECT u.*, c.loyaltyPoints, a.id as address_id, a.street, a.city, fn.id as fullname_id, fn.firstName, fn.lastName FROM tblUser u INNER JOIN Customer c ON u.id = c.id LEFT JOIN Address a ON u.AddressId = a.id LEFT JOIN FullName fn ON u.FullNameId = fn.id WHERE u.id = ?]
[2025-05-30 01:23:09.930] [http-nio-8081-exec-4] [b24e805c] [user-service] [INFO] c.c.u.config.LoggingInterceptor - [RESPONSE:b24e805c] [user-service:8081] [PROXY] Response from User Service: 200 /api/customers/10 17 ms
[2025-05-30 01:23:09.930] [http-nio-8081-exec-4] [] [] [DEBUG] o.s.web.servlet.DispatcherServlet - Completed 200 OK
[2025-05-30 01:23:09.935] [http-nio-8081-exec-5] [] [] [DEBUG] o.s.web.servlet.DispatcherServlet - GET "/api/customers/4", parameters={}
[2025-05-30 01:23:09.935] [http-nio-8081-exec-5] [0005a81f] [user-service] [INFO] c.c.u.config.LoggingInterceptor - [REQUEST:0005a81f] [user-service:8081] [DETAILS] Method: GET, Path: /api/customers/4, Query: , Body: {}
[2025-05-30 01:23:09.935] [http-nio-8081-exec-5] [0005a81f] [user-service] [DEBUG] o.s.jdbc.core.JdbcTemplate - Executing prepared SQL query
[2025-05-30 01:23:09.935] [http-nio-8081-exec-5] [0005a81f] [user-service] [DEBUG] o.s.jdbc.core.JdbcTemplate - Executing prepared SQL statement [SELECT u.*, c.loyaltyPoints, a.id as address_id, a.street, a.city, fn.id as fullname_id, fn.firstName, fn.lastName FROM tblUser u INNER JOIN Customer c ON u.id = c.id LEFT JOIN Address a ON u.AddressId = a.id LEFT JOIN FullName fn ON u.FullNameId = fn.id WHERE u.id = ?]
[2025-05-30 01:23:09.952] [http-nio-8081-exec-5] [0005a81f] [user-service] [INFO] c.c.u.config.LoggingInterceptor - [RESPONSE:0005a81f] [user-service:8081] [PROXY] Response from User Service: 200 /api/customers/4 17 ms
[2025-05-30 01:23:09.952] [http-nio-8081-exec-5] [] [] [DEBUG] o.s.web.servlet.DispatcherServlet - Completed 200 OK
[2025-05-30 01:23:09.957] [http-nio-8081-exec-2] [] [] [DEBUG] o.s.web.servlet.DispatcherServlet - GET "/api/customers/5", parameters={}
[2025-05-30 01:23:09.959] [http-nio-8081-exec-2] [170d627f] [user-service] [INFO] c.c.u.config.LoggingInterceptor - [REQUEST:170d627f] [user-service:8081] [DETAILS] Method: GET, Path: /api/customers/5, Query: , Body: {}
[2025-05-30 01:23:09.959] [http-nio-8081-exec-2] [170d627f] [user-service] [DEBUG] o.s.jdbc.core.JdbcTemplate - Executing prepared SQL query
[2025-05-30 01:23:09.959] [http-nio-8081-exec-2] [170d627f] [user-service] [DEBUG] o.s.jdbc.core.JdbcTemplate - Executing prepared SQL statement [SELECT u.*, c.loyaltyPoints, a.id as address_id, a.street, a.city, fn.id as fullname_id, fn.firstName, fn.lastName FROM tblUser u INNER JOIN Customer c ON u.id = c.id LEFT JOIN Address a ON u.AddressId = a.id LEFT JOIN FullName fn ON u.FullNameId = fn.id WHERE u.id = ?]
[2025-05-30 01:23:09.981] [http-nio-8081-exec-2] [170d627f] [user-service] [INFO] c.c.u.config.LoggingInterceptor - [RESPONSE:170d627f] [user-service:8081] [PROXY] Response from User Service: 200 /api/customers/5 23 ms
[2025-05-30 01:23:09.981] [http-nio-8081-exec-2] [] [] [DEBUG] o.s.web.servlet.DispatcherServlet - Completed 200 OK
[2025-05-30 01:23:09.986] [http-nio-8081-exec-7] [] [] [DEBUG] o.s.web.servlet.DispatcherServlet - GET "/api/customers/2", parameters={}
[2025-05-30 01:23:09.986] [http-nio-8081-exec-7] [9b23ce42] [user-service] [INFO] c.c.u.config.LoggingInterceptor - [REQUEST:9b23ce42] [user-service:8081] [DETAILS] Method: GET, Path: /api/customers/2, Query: , Body: {}
[2025-05-30 01:23:09.986] [http-nio-8081-exec-7] [9b23ce42] [user-service] [DEBUG] o.s.jdbc.core.JdbcTemplate - Executing prepared SQL query
[2025-05-30 01:23:09.986] [http-nio-8081-exec-7] [9b23ce42] [user-service] [DEBUG] o.s.jdbc.core.JdbcTemplate - Executing prepared SQL statement [SELECT u.*, c.loyaltyPoints, a.id as address_id, a.street, a.city, fn.id as fullname_id, fn.firstName, fn.lastName FROM tblUser u INNER JOIN Customer c ON u.id = c.id LEFT JOIN Address a ON u.AddressId = a.id LEFT JOIN FullName fn ON u.FullNameId = fn.id WHERE u.id = ?]
[2025-05-30 01:23:10.003] [http-nio-8081-exec-7] [9b23ce42] [user-service] [INFO] c.c.u.config.LoggingInterceptor - [RESPONSE:9b23ce42] [user-service:8081] [PROXY] Response from User Service: 200 /api/customers/2 17 ms
[2025-05-30 01:23:10.003] [http-nio-8081-exec-7] [] [] [DEBUG] o.s.web.servlet.DispatcherServlet - Completed 200 OK
[2025-05-30 01:23:10.007] [http-nio-8081-exec-3] [] [] [DEBUG] o.s.web.servlet.DispatcherServlet - GET "/api/customers/7", parameters={}
[2025-05-30 01:23:10.007] [http-nio-8081-exec-3] [1318cf5e] [user-service] [INFO] c.c.u.config.LoggingInterceptor - [REQUEST:1318cf5e] [user-service:8081] [DETAILS] Method: GET, Path: /api/customers/7, Query: , Body: {}
[2025-05-30 01:23:10.008] [http-nio-8081-exec-3] [1318cf5e] [user-service] [DEBUG] o.s.jdbc.core.JdbcTemplate - Executing prepared SQL query
[2025-05-30 01:23:10.008] [http-nio-8081-exec-3] [1318cf5e] [user-service] [DEBUG] o.s.jdbc.core.JdbcTemplate - Executing prepared SQL statement [SELECT u.*, c.loyaltyPoints, a.id as address_id, a.street, a.city, fn.id as fullname_id, fn.firstName, fn.lastName FROM tblUser u INNER JOIN Customer c ON u.id = c.id LEFT JOIN Address a ON u.AddressId = a.id LEFT JOIN FullName fn ON u.FullNameId = fn.id WHERE u.id = ?]
[2025-05-30 01:23:10.027] [http-nio-8081-exec-3] [1318cf5e] [user-service] [INFO] c.c.u.config.LoggingInterceptor - [RESPONSE:1318cf5e] [user-service:8081] [PROXY] Response from User Service: 200 /api/customers/7 20 ms
[2025-05-30 01:23:10.027] [http-nio-8081-exec-3] [] [] [DEBUG] o.s.web.servlet.DispatcherServlet - Completed 200 OK
[2025-05-30 01:23:10.031] [http-nio-8081-exec-9] [] [] [DEBUG] o.s.web.servlet.DispatcherServlet - GET "/api/customers/9", parameters={}
[2025-05-30 01:23:10.031] [http-nio-8081-exec-9] [20c9e739] [user-service] [INFO] c.c.u.config.LoggingInterceptor - [REQUEST:20c9e739] [user-service:8081] [DETAILS] Method: GET, Path: /api/customers/9, Query: , Body: {}
[2025-05-30 01:23:10.031] [http-nio-8081-exec-9] [20c9e739] [user-service] [DEBUG] o.s.jdbc.core.JdbcTemplate - Executing prepared SQL query
[2025-05-30 01:23:10.031] [http-nio-8081-exec-9] [20c9e739] [user-service] [DEBUG] o.s.jdbc.core.JdbcTemplate - Executing prepared SQL statement [SELECT u.*, c.loyaltyPoints, a.id as address_id, a.street, a.city, fn.id as fullname_id, fn.firstName, fn.lastName FROM tblUser u INNER JOIN Customer c ON u.id = c.id LEFT JOIN Address a ON u.AddressId = a.id LEFT JOIN FullName fn ON u.FullNameId = fn.id WHERE u.id = ?]
[2025-05-30 01:23:10.049] [http-nio-8081-exec-9] [20c9e739] [user-service] [INFO] c.c.u.config.LoggingInterceptor - [RESPONSE:20c9e739] [user-service:8081] [PROXY] Response from User Service: 200 /api/customers/9 18 ms
[2025-05-30 01:23:10.049] [http-nio-8081-exec-9] [] [] [DEBUG] o.s.web.servlet.DispatcherServlet - Completed 200 OK
[2025-05-30 01:23:10.053] [http-nio-8081-exec-10] [] [] [DEBUG] o.s.web.servlet.DispatcherServlet - GET "/api/customers/6", parameters={}
[2025-05-30 01:23:10.054] [http-nio-8081-exec-10] [0ee5cab6] [user-service] [INFO] c.c.u.config.LoggingInterceptor - [REQUEST:0ee5cab6] [user-service:8081] [DETAILS] Method: GET, Path: /api/customers/6, Query: , Body: {}
[2025-05-30 01:23:10.054] [http-nio-8081-exec-10] [0ee5cab6] [user-service] [DEBUG] o.s.jdbc.core.JdbcTemplate - Executing prepared SQL query
[2025-05-30 01:23:10.054] [http-nio-8081-exec-10] [0ee5cab6] [user-service] [DEBUG] o.s.jdbc.core.JdbcTemplate - Executing prepared SQL statement [SELECT u.*, c.loyaltyPoints, a.id as address_id, a.street, a.city, fn.id as fullname_id, fn.firstName, fn.lastName FROM tblUser u INNER JOIN Customer c ON u.id = c.id LEFT JOIN Address a ON u.AddressId = a.id LEFT JOIN FullName fn ON u.FullNameId = fn.id WHERE u.id = ?]
[2025-05-30 01:23:10.070] [http-nio-8081-exec-10] [0ee5cab6] [user-service] [INFO] c.c.u.config.LoggingInterceptor - [RESPONSE:0ee5cab6] [user-service:8081] [PROXY] Response from User Service: 200 /api/customers/6 17 ms
[2025-05-30 01:23:10.070] [http-nio-8081-exec-10] [] [] [DEBUG] o.s.web.servlet.DispatcherServlet - Completed 200 OK
[2025-05-30 01:23:10.075] [http-nio-8081-exec-1] [] [] [DEBUG] o.s.web.servlet.DispatcherServlet - GET "/api/customers/10", parameters={}
[2025-05-30 01:23:10.076] [http-nio-8081-exec-1] [bd3b6982] [user-service] [INFO] c.c.u.config.LoggingInterceptor - [REQUEST:bd3b6982] [user-service:8081] [DETAILS] Method: GET, Path: /api/customers/10, Query: , Body: {}
[2025-05-30 01:23:10.076] [http-nio-8081-exec-1] [bd3b6982] [user-service] [DEBUG] o.s.jdbc.core.JdbcTemplate - Executing prepared SQL query
[2025-05-30 01:23:10.076] [http-nio-8081-exec-1] [bd3b6982] [user-service] [DEBUG] o.s.jdbc.core.JdbcTemplate - Executing prepared SQL statement [SELECT u.*, c.loyaltyPoints, a.id as address_id, a.street, a.city, fn.id as fullname_id, fn.firstName, fn.lastName FROM tblUser u INNER JOIN Customer c ON u.id = c.id LEFT JOIN Address a ON u.AddressId = a.id LEFT JOIN FullName fn ON u.FullNameId = fn.id WHERE u.id = ?]
[2025-05-30 01:23:10.092] [http-nio-8081-exec-1] [bd3b6982] [user-service] [INFO] c.c.u.config.LoggingInterceptor - [RESPONSE:bd3b6982] [user-service:8081] [PROXY] Response from User Service: 200 /api/customers/10 16 ms
[2025-05-30 01:23:10.092] [http-nio-8081-exec-1] [] [] [DEBUG] o.s.web.servlet.DispatcherServlet - Completed 200 OK
